<?xml version="1.0" encoding="UTF-8"?>
<testng-results ignored="0" total="2" passed="2" failed="0" skipped="0">
  <reporter-output>
  </reporter-output>
  <suite started-at="2024-09-28T16:39:57 EEST" name="Default suite" finished-at="2024-09-28T16:40:46 EEST" duration-ms="49322">
    <groups>
    </groups>
    <test started-at="2024-09-28T16:39:57 EEST" name="Default test" finished-at="2024-09-28T16:40:46 EEST" duration-ms="49322">
      <class name="tests.Task1">
        <test-method is-config="true" signature="startDriver(java.lang.String)[pri:0, instance:tests.Task1@22ff4249]" started-at="2024-09-28T16:39:55 EEST" name="startDriver" finished-at="2024-09-28T16:39:57 EEST" duration-ms="2359" status="PASS">
          <params>
            <param index="0">
              <value>
                <![CDATA[chrome]]>
              </value>
            </param>
          </params>
          <reporter-output>
          </reporter-output>
        </test-method> <!-- startDriver -->
        <test-method signature="Scenario1()[pri:0, instance:tests.Task1@22ff4249]" started-at="2024-09-28T16:39:57 EEST" name="Scenario1" finished-at="2024-09-28T16:40:17 EEST" duration-ms="19896" status="PASS">
          <reporter-output>
          </reporter-output>
        </test-method> <!-- Scenario1 -->
        <test-method signature="Scenario2()[pri:0, instance:tests.Task1@22ff4249]" started-at="2024-09-28T16:40:17 EEST" name="Scenario2" finished-at="2024-09-28T16:40:46 EEST" duration-ms="29409" status="PASS">
          <reporter-output>
          </reporter-output>
        </test-method> <!-- Scenario2 -->
        <test-method is-config="true" signature="endDriver()[pri:0, instance:tests.Task1@22ff4249]" started-at="2024-09-28T16:40:46 EEST" name="endDriver" finished-at="2024-09-28T16:40:46 EEST" duration-ms="118" status="PASS">
          <reporter-output>
          </reporter-output>
        </test-method> <!-- endDriver -->
      </class> <!-- tests.Task1 -->
    </test> <!-- Default test -->
  </suite> <!-- Default suite -->
</testng-results>
