<?xml version="1.0" encoding="UTF-8"?>
<testng-results ignored="0" total="1" passed="1" failed="0" skipped="0">
  <reporter-output>
  </reporter-output>
  <suite started-at="2024-09-28T16:39:44 EEST" name="Default suite" finished-at="2024-09-28T16:39:48 EEST" duration-ms="4183">
    <groups>
    </groups>
    <test started-at="2024-09-28T16:39:44 EEST" name="Default test" finished-at="2024-09-28T16:39:48 EEST" duration-ms="4183">
      <class name="tests.BookTripTest">
        <test-method is-config="true" signature="startDriver()[pri:0, instance:tests.BookTripTest@5fe94a96]" started-at="2024-09-28T16:39:41 EEST" name="startDriver" finished-at="2024-09-28T16:39:44 EEST" duration-ms="3467" status="PASS">
          <reporter-output>
          </reporter-output>
        </test-method> <!-- startDriver -->
        <test-method signature="bookTrip()[pri:0, instance:tests.BookTripTest@5fe94a96]" started-at="2024-09-28T16:39:44 EEST" name="bookTrip" finished-at="2024-09-28T16:39:48 EEST" duration-ms="4162" status="PASS">
          <reporter-output>
          </reporter-output>
        </test-method> <!-- bookTrip -->
        <test-method is-config="true" signature="endDriver()[pri:0, instance:tests.BookTripTest@5fe94a96]" started-at="2024-09-28T16:39:49 EEST" name="endDriver" finished-at="2024-09-28T16:39:49 EEST" duration-ms="103" status="PASS">
          <reporter-output>
          </reporter-output>
        </test-method> <!-- endDriver -->
      </class> <!-- tests.BookTripTest -->
    </test> <!-- Default test -->
  </suite> <!-- Default suite -->
</testng-results>
